C:\WASIF\FIND_NN\FIND_NN\DEBUG\LSH_BUCKET.OBJ
C:\WASIF\FIND_NN\FIND_NN\DEBUG\LSH_BUCKET_GENOME.OBJ
C:\WASIF\FIND_NN\FIND_NN\DEBUG\NN_COSINE.OBJ
C:\WASIF\FIND_NN\FIND_NN\DEBUG\NN_JACCARD.OBJ
C:\WASIF\FIND_NN\FIND_NN\DEBUG\RESULT_ANALYSIS.OBJ
C:\WASIF\FIND_NN\FIND_NN\DEBUG\RESULT_ANALYSIS_LSH.OBJ
C:\WASIF\FIND_NN\FIND_NN\DEBUG\RESULT_ANALYSIS_LSH_GENOME.OBJ
C:\WASIF\FIND_NN\FIND_NN\DEBUG\RUN_TIME.OBJ
C:\WASIF\FIND_NN\FIND_NN\DEBUG\SIMILARITY_CALCULATION.OBJ
C:\WASIF\FIND_NN\FIND_NN\DEBUG\MAIN.OBJ
C:\WASIF\FIND_NN\FIND_NN\DEBUG\VC110.PDB
C:\WASIF\FIND_NN\FIND_NN\DEBUG\HAMMING_DISTANCE.OBJ
C:\WASIF\FIND_NN\DEBUG\FIND_NN.ILK
C:\WASIF\FIND_NN\DEBUG\FIND_NN.EXE
C:\WASIF\FIND_NN\DEBUG\FIND_NN.PDB
C:\Wasif\find_NN\find_NN\Debug\hamming_distance.obj
C:\Wasif\find_NN\find_NN\Debug\Lsh_bucket.obj
C:\Wasif\find_NN\find_NN\Debug\Lsh_bucket_genome.obj
C:\Wasif\find_NN\find_NN\Debug\main.obj
C:\Wasif\find_NN\find_NN\Debug\nn_cosine.obj
C:\Wasif\find_NN\find_NN\Debug\NN_jaccard.obj
C:\Wasif\find_NN\find_NN\Debug\result_analysis.obj
C:\Wasif\find_NN\find_NN\Debug\result_analysis_lsh.obj
C:\Wasif\find_NN\find_NN\Debug\result_analysis_lsh_genome.obj
C:\Wasif\find_NN\find_NN\Debug\run_time.obj
C:\Wasif\find_NN\find_NN\Debug\similarity_calculation.obj
C:\Wasif\find_NN\find_NN\Debug\cl.command.1.tlog
C:\Wasif\find_NN\find_NN\Debug\CL.read.1.tlog
C:\Wasif\find_NN\find_NN\Debug\CL.write.1.tlog
C:\Wasif\find_NN\find_NN\Debug\link-cvtres.read.1.tlog
C:\Wasif\find_NN\find_NN\Debug\link-cvtres.write.1.tlog
C:\Wasif\find_NN\find_NN\Debug\link-rc.read.1.tlog
C:\Wasif\find_NN\find_NN\Debug\link-rc.write.1.tlog
C:\Wasif\find_NN\find_NN\Debug\link.12096-cvtres.read.1.tlog
C:\Wasif\find_NN\find_NN\Debug\link.12096-cvtres.write.1.tlog
C:\Wasif\find_NN\find_NN\Debug\link.12096-rc.read.1.tlog
C:\Wasif\find_NN\find_NN\Debug\link.12096-rc.write.1.tlog
C:\Wasif\find_NN\find_NN\Debug\link.12096.read.1.tlog
C:\Wasif\find_NN\find_NN\Debug\link.12096.write.1.tlog
C:\Wasif\find_NN\find_NN\Debug\link.5968-cvtres.read.1.tlog
C:\Wasif\find_NN\find_NN\Debug\link.5968-cvtres.write.1.tlog
C:\Wasif\find_NN\find_NN\Debug\link.5968-rc.read.1.tlog
C:\Wasif\find_NN\find_NN\Debug\link.5968-rc.write.1.tlog
C:\Wasif\find_NN\find_NN\Debug\link.5968.read.1.tlog
C:\Wasif\find_NN\find_NN\Debug\link.5968.write.1.tlog
C:\Wasif\find_NN\find_NN\Debug\link.7844-cvtres.read.1.tlog
C:\Wasif\find_NN\find_NN\Debug\link.7844-cvtres.write.1.tlog
C:\Wasif\find_NN\find_NN\Debug\link.7844-rc.read.1.tlog
C:\Wasif\find_NN\find_NN\Debug\link.7844-rc.write.1.tlog
C:\Wasif\find_NN\find_NN\Debug\link.7844.read.1.tlog
C:\Wasif\find_NN\find_NN\Debug\link.7844.write.1.tlog
C:\Wasif\find_NN\find_NN\Debug\link.command.1.tlog
C:\Wasif\find_NN\find_NN\Debug\link.read.1.tlog
C:\Wasif\find_NN\find_NN\Debug\link.write.1.tlog
C:\Wasif\find_NN\find_NN\Debug\vc110.idb
C:\Wasif\find_NN\find_NN\Debug\vc110.pdb
C:\Wasif\find_NN\Debug\find_NN.pdb
C:\Wasif\find_NN\Debug\find_NN.exe
C:\Wasif\find_NN\Debug\find_NN.ilk
